{"C:\\Users\\TI\\Documents\\Meus\\Estudos\\1_PROJETOS\\react_testing_library_jest_course\\projects\\sundaes-on-demand\\src\\pages\\summary\\SummaryForm.tsx": {"path":"C:\\Users\\TI\\Documents\\Meus\\Estudos\\1_PROJETOS\\react_testing_library_jest_course\\projects\\sundaes-on-demand\\src\\pages\\summary\\SummaryForm.tsx","all":false,"statementMap":{"0":{"start":{"line":1,"column":0},"end":{"line":1,"column":27}},"1":{"start":{"line":2,"column":0},"end":{"line":2,"column":10}},"2":{"start":{"line":3,"column":0},"end":{"line":3,"column":6}},"3":{"start":{"line":4,"column":0},"end":{"line":4,"column":33}},"4":{"start":{"line":5,"column":0},"end":{"line":5,"column":44}},"5":{"start":{"line":6,"column":0},"end":{"line":6,"column":12}},"6":{"start":{"line":7,"column":0},"end":{"line":7,"column":7}},"7":{"start":{"line":8,"column":0},"end":{"line":8,"column":4}},"8":{"start":{"line":9,"column":0},"end":{"line":9,"column":2}},"9":{"start":{"line":10,"column":0},"end":{"line":10,"column":0}},"10":{"start":{"line":11,"column":0},"end":{"line":11,"column":27}}},"s":{"0":1,"1":1,"2":1,"3":1,"4":1,"5":1,"6":1,"7":1,"8":1,"9":1,"10":1},"branchMap":{"0":{"type":"branch","line":1,"loc":{"start":{"line":1,"column":20},"end":{"line":9,"column":1}},"locations":[{"start":{"line":1,"column":20},"end":{"line":9,"column":1}}]}},"b":{"0":[1]},"fnMap":{"0":{"name":"SummaryForm","decl":{"start":{"line":1,"column":20},"end":{"line":9,"column":1}},"loc":{"start":{"line":1,"column":20},"end":{"line":9,"column":1}},"line":1}},"f":{"0":1}}
}
