TN:
SF:src\App.tsx
FN:10,App
FNF:1
FNH:1
FNDA:3,App
DA:1,1
DA:2,1
DA:3,1
DA:4,1
DA:5,1
DA:6,1
DA:7,1
DA:8,1
DA:9,1
DA:10,3
DA:11,3
DA:12,3
DA:13,3
DA:14,3
DA:15,3
DA:16,3
DA:17,3
DA:18,3
DA:19,2
DA:20,2
DA:21,3
DA:22,0
DA:23,0
DA:24,3
DA:25,0
DA:26,0
DA:27,3
DA:28,3
DA:29,2
DA:30,2
DA:31,2
DA:32,2
DA:33,2
DA:34,2
DA:35,2
DA:36,2
DA:37,2
DA:38,2
DA:39,2
DA:40,1
DA:41,1
LF:41
LH:37
BRDA:10,0,0,3
BRDA:18,1,0,2
BRDA:21,2,0,0
BRDA:24,3,0,0
BRDA:27,4,0,0
BRDA:29,5,0,2
BRF:6
BRH:3
end_of_record
TN:
SF:src\common\AlertBanner.tsx
FN:8,AlertBanner
FNF:1
FNH:1
FNDA:3,AlertBanner
DA:1,1
DA:2,1
DA:3,1
DA:4,1
DA:5,1
DA:6,1
DA:7,1
DA:8,1
DA:9,3
DA:10,3
DA:11,3
DA:12,3
DA:13,3
DA:14,3
DA:15,3
DA:16,3
DA:17,3
DA:18,1
DA:19,1
DA:20,1
LF:20
LH:20
BRDA:8,0,0,3
BRF:1
BRH:1
end_of_record
TN:
SF:src\contexts\OrderDetailsContext.tsx
FN:38,OrderDetailsProvider
FN:50,calculateSubTotal
FN:75,updateItemCount
FN:90,resetOrder
FN:103,useOrderDetailsContext
FNF:5
FNH:4
FNDA:59,OrderDetailsProvider
FNDA:58,calculateSubTotal
FNDA:14,updateItemCount
FNDA:0,resetOrder
FNDA:148,useOrderDetailsContext
DA:1,1
DA:2,1
DA:3,1
DA:4,1
DA:5,1
DA:6,1
DA:7,1
DA:8,1
DA:9,1
DA:10,1
DA:11,1
DA:12,1
DA:13,1
DA:14,1
DA:15,1
DA:16,1
DA:17,1
DA:18,1
DA:19,1
DA:20,1
DA:21,1
DA:22,1
DA:23,1
DA:24,1
DA:25,1
DA:26,1
DA:27,1
DA:28,1
DA:29,1
DA:30,1
DA:31,1
DA:32,1
DA:33,1
DA:34,1
DA:35,1
DA:36,1
DA:37,1
DA:38,59
DA:39,59
DA:40,59
DA:41,59
DA:42,59
DA:43,59
DA:44,59
DA:45,59
DA:46,59
DA:47,59
DA:48,59
DA:49,59
DA:50,59
DA:51,58
DA:52,58
DA:53,58
DA:54,58
DA:55,58
DA:56,58
DA:57,21
DA:58,21
DA:59,58
DA:60,58
DA:61,59
DA:62,59
DA:63,29
DA:64,29
DA:65,29
DA:66,29
DA:67,29
DA:68,29
DA:69,29
DA:70,29
DA:71,29
DA:72,59
DA:73,59
DA:74,59
DA:75,58
DA:76,14
DA:77,14
DA:78,14
DA:79,14
DA:80,14
DA:81,14
DA:82,14
DA:83,0
DA:84,14
DA:85,14
DA:86,14
DA:87,14
DA:88,14
DA:89,58
DA:90,58
DA:91,0
DA:92,0
DA:93,0
DA:94,0
DA:95,0
DA:96,58
DA:97,58
DA:98,59
DA:99,59
DA:100,59
DA:101,59
DA:102,1
DA:103,148
DA:104,148
DA:105,148
DA:106,148
DA:107,0
DA:108,0
DA:109,0
DA:110,0
DA:111,148
DA:112,148
DA:113,1
DA:114,1
LF:114
LH:104
BRDA:38,0,0,59
BRDA:50,1,0,58
BRDA:56,2,0,21
BRDA:62,3,0,29
BRDA:74,4,0,58
BRDA:75,5,0,14
BRDA:83,6,0,0
BRDA:103,7,0,148
BRDA:106,8,0,0
BRF:9
BRH:7
end_of_record
TN:
SF:src\mocks\handles.ts
FNF:0
FNH:0
DA:1,1
DA:2,1
DA:3,1
DA:4,1
DA:5,10
DA:6,10
DA:7,10
DA:8,10
DA:9,10
DA:10,10
DA:11,1
DA:12,1
DA:13,1
DA:14,9
DA:15,9
DA:16,9
DA:17,9
DA:18,9
DA:19,9
DA:20,9
DA:21,1
DA:22,1
DA:23,1
DA:24,0
DA:25,0
DA:26,0
DA:27,1
DA:28,1
LF:28
LH:25
BRDA:4,0,0,10
BRDA:13,1,0,9
BRF:2
BRH:2
end_of_record
TN:
SF:src\mocks\server.ts
FNF:0
FNH:0
DA:1,1
DA:2,1
DA:3,1
DA:4,1
LF:4
LH:4
BRF:0
BRH:0
end_of_record
TN:
SF:src\pages\confirmation\OrderConfirmation.tsx
FN:12,OrderConfirmation
FN:34,handleClick
FNF:2
FNH:1
FNDA:3,OrderConfirmation
FNDA:0,handleClick
DA:1,1
DA:2,1
DA:3,1
DA:4,1
DA:5,1
DA:6,1
DA:7,1
DA:8,1
DA:9,1
DA:10,1
DA:11,1
DA:12,1
DA:13,3
DA:14,3
DA:15,3
DA:16,3
DA:17,3
DA:18,3
DA:19,1
DA:20,1
DA:21,1
DA:22,0
DA:23,0
DA:24,0
DA:25,1
DA:26,1
DA:27,1
DA:28,3
DA:29,3
DA:30,3
DA:31,1
DA:32,1
DA:33,2
DA:34,2
DA:35,0
DA:36,0
DA:37,0
DA:38,2
DA:39,3
DA:40,0
DA:41,0
DA:42,0
DA:43,0
DA:44,0
DA:45,0
DA:46,0
DA:47,0
DA:48,0
DA:49,0
DA:50,0
DA:51,3
DA:52,2
DA:53,2
DA:54,2
DA:55,2
DA:56,2
DA:57,2
DA:58,1
DA:59,1
DA:60,1
LF:60
LH:43
BRDA:12,0,0,3
BRDA:30,1,0,1
BRDA:33,2,0,2
BRDA:39,3,0,0
BRDA:51,4,0,2
BRDA:18,5,0,1
BRDA:25,6,0,1
BRF:7
BRH:6
end_of_record
TN:
SF:src\pages\entry\Options.tsx
FN:20,Options
FN:48,updateItemCount
FN:63,updateItemCount
FNF:3
FNH:3
FNDA:110,Options
FNDA:8,updateItemCount
FNDA:6,updateItemCount
DA:1,1
DA:2,1
DA:3,1
DA:4,1
DA:5,1
DA:6,1
DA:7,1
DA:8,1
DA:9,1
DA:10,1
DA:11,1
DA:12,1
DA:13,1
DA:14,1
DA:15,1
DA:16,1
DA:17,1
DA:18,1
DA:19,1
DA:20,1
DA:21,110
DA:22,110
DA:23,110
DA:24,110
DA:25,110
DA:26,110
DA:27,110
DA:28,21
DA:29,21
DA:30,21
DA:31,19
DA:32,19
DA:33,19
DA:34,21
DA:35,2
DA:36,21
DA:37,110
DA:38,110
DA:39,110
DA:40,2
DA:41,2
DA:42,107
DA:43,107
DA:44,162
DA:45,162
DA:46,107
DA:47,107
DA:48,107
DA:49,8
DA:50,107
DA:51,107
DA:52,107
DA:53,107
DA:54,107
DA:55,107
DA:56,107
DA:57,107
DA:58,107
DA:59,162
DA:60,162
DA:61,107
DA:62,107
DA:63,107
DA:64,6
DA:65,107
DA:66,107
DA:67,107
DA:68,107
DA:69,107
DA:70,107
DA:71,107
DA:72,107
DA:73,107
DA:74,107
DA:75,107
DA:76,110
DA:77,110
DA:78,110
DA:79,1
DA:80,1
DA:81,1
LF:81
LH:81
BRDA:20,0,0,110
BRDA:39,1,0,2
BRDA:42,2,0,107
BRDA:76,3,0,55
BRDA:76,4,0,52
BRDA:27,5,0,21
BRDA:30,6,0,19
BRDA:34,7,0,2
BRDA:43,8,0,162
BRDA:48,9,0,8
BRDA:58,10,0,162
BRDA:63,11,0,6
BRF:12
BRH:12
end_of_record
TN:
SF:src\pages\entry\OrderEntry.tsx
FN:10,OrderEntry
FN:25,onClick
FNF:2
FNH:1
FNDA:37,OrderEntry
FNDA:0,onClick
DA:1,1
DA:2,1
DA:3,1
DA:4,1
DA:5,1
DA:6,1
DA:7,1
DA:8,1
DA:9,1
DA:10,1
DA:11,37
DA:12,37
DA:13,37
DA:14,37
DA:15,37
DA:16,37
DA:17,37
DA:18,37
DA:19,37
DA:20,37
DA:21,37
DA:22,37
DA:23,37
DA:24,37
DA:25,37
DA:26,0
DA:27,0
DA:28,37
DA:29,37
DA:30,37
DA:31,37
DA:32,37
DA:33,1
DA:34,1
DA:35,1
LF:35
LH:33
BRDA:10,0,0,37
BRF:1
BRH:1
end_of_record
TN:
SF:src\pages\entry\ScoopOption.tsx
FN:10,ScoopOption
FN:17,handleOnChange
FN:53,onChange
FNF:3
FNH:3
FNDA:80,ScoopOption
FNDA:21,handleOnChange
FNDA:21,onChange
DA:1,1
DA:2,1
DA:3,1
DA:4,1
DA:5,1
DA:6,1
DA:7,1
DA:8,1
DA:9,1
DA:10,1
DA:11,80
DA:12,80
DA:13,80
DA:14,80
DA:15,80
DA:16,80
DA:17,80
DA:18,21
DA:19,21
DA:20,21
DA:21,21
DA:22,21
DA:23,21
DA:24,21
DA:25,21
DA:26,21
DA:27,21
DA:28,8
DA:29,8
DA:30,21
DA:31,80
DA:32,80
DA:33,80
DA:34,80
DA:35,80
DA:36,80
DA:37,80
DA:38,80
DA:39,80
DA:40,80
DA:41,80
DA:42,80
DA:43,80
DA:44,80
DA:45,80
DA:46,80
DA:47,80
DA:48,80
DA:49,80
DA:50,80
DA:51,80
DA:52,80
DA:53,80
DA:54,21
DA:55,21
DA:56,80
DA:57,80
DA:58,80
DA:59,80
DA:60,80
DA:61,1
DA:62,1
DA:63,1
LF:63
LH:63
BRDA:10,0,0,80
BRDA:17,1,0,21
BRDA:21,2,0,8
BRDA:22,3,0,8
BRDA:27,4,0,8
BRDA:53,5,0,21
BRF:6
BRH:6
end_of_record
TN:
SF:src\pages\entry\ToppingOption.tsx
FN:9,ToppingOption
FN:14,handleOnChange
FN:29,onChange
FNF:3
FNH:3
FNDA:96,ToppingOption
FNDA:6,handleOnChange
FNDA:6,onChange
DA:1,1
DA:2,1
DA:3,1
DA:4,1
DA:5,1
DA:6,1
DA:7,1
DA:8,1
DA:9,1
DA:10,96
DA:11,96
DA:12,96
DA:13,96
DA:14,96
DA:15,6
DA:16,6
DA:17,6
DA:18,96
DA:19,96
DA:20,96
DA:21,96
DA:22,96
DA:23,96
DA:24,96
DA:25,96
DA:26,96
DA:27,96
DA:28,96
DA:29,96
DA:30,6
DA:31,6
DA:32,96
DA:33,96
DA:34,96
DA:35,96
DA:36,96
DA:37,1
DA:38,1
DA:39,1
LF:39
LH:39
BRDA:9,0,0,96
BRDA:14,1,0,6
BRDA:15,2,0,5
BRDA:15,3,0,1
BRDA:29,4,0,6
BRF:5
BRH:5
end_of_record
TN:
SF:src\pages\summary\OrderSummary.tsx
FN:9,OrderSummary
FNF:1
FNH:0
FNDA:0,OrderSummary
DA:1,1
DA:2,1
DA:3,1
DA:4,1
DA:5,1
DA:6,1
DA:7,1
DA:8,1
DA:9,1
DA:10,0
DA:11,0
DA:12,0
DA:13,0
DA:14,0
DA:15,0
DA:16,0
DA:17,0
DA:18,0
DA:19,0
DA:20,0
DA:21,0
DA:22,0
DA:23,0
DA:24,0
DA:25,0
DA:26,0
DA:27,0
DA:28,0
DA:29,0
DA:30,0
DA:31,0
DA:32,0
DA:33,0
DA:34,0
DA:35,0
DA:36,0
DA:37,0
DA:38,0
DA:39,0
DA:40,0
DA:41,0
DA:42,0
DA:43,0
DA:44,0
DA:45,0
DA:46,0
DA:47,0
DA:48,0
DA:49,1
DA:50,1
DA:51,1
LF:51
LH:12
BRF:0
BRH:0
end_of_record
TN:
SF:src\pages\summary\SummaryForm.tsx
FN:9,SummaryForm
FN:27,handleSubmit
FN:35,onSubmit
FN:46,onChange
FNF:4
FNH:2
FNDA:8,SummaryForm
FNDA:0,handleSubmit
FNDA:0,onSubmit
FNDA:3,onChange
DA:1,1
DA:2,1
DA:3,1
DA:4,1
DA:5,1
DA:6,1
DA:7,1
DA:8,1
DA:9,1
DA:10,8
DA:11,8
DA:12,8
DA:13,8
DA:14,8
DA:15,8
DA:16,8
DA:17,8
DA:18,8
DA:19,8
DA:20,8
DA:21,8
DA:22,8
DA:23,8
DA:24,8
DA:25,8
DA:26,8
DA:27,8
DA:28,0
DA:29,0
DA:30,0
DA:31,8
DA:32,8
DA:33,8
DA:34,8
DA:35,8
DA:36,0
DA:37,0
DA:38,8
DA:39,8
DA:40,8
DA:41,8
DA:42,8
DA:43,8
DA:44,8
DA:45,8
DA:46,8
DA:47,3
DA:48,3
DA:49,8
DA:50,8
DA:51,8
DA:52,8
DA:53,8
DA:54,8
DA:55,8
DA:56,8
DA:57,1
DA:58,1
DA:59,1
LF:59
LH:54
BRDA:9,0,0,8
BRDA:46,1,0,3
BRF:2
BRH:2
end_of_record
TN:
SF:src\utils\constants.ts
FNF:0
FNH:0
DA:1,1
DA:2,1
DA:3,1
DA:4,1
DA:5,1
DA:6,1
DA:7,1
DA:8,1
DA:9,1
DA:10,1
LF:10
LH:10
BRF:0
BRH:0
end_of_record
TN:
SF:src\utils\functions.ts
FN:1,formatCurrency
FNF:1
FNH:1
FNDA:250,formatCurrency
DA:1,250
DA:2,250
DA:3,250
DA:4,250
DA:5,250
DA:6,250
DA:7,250
DA:8,1
DA:9,1
LF:9
LH:9
BRDA:1,0,0,250
BRF:1
BRH:1
end_of_record
TN:
SF:src\utils\testing-library-utils.tsx
FN:5,renderWithContext
FNF:1
FNH:1
FNDA:13,renderWithContext
DA:1,1
DA:2,1
DA:3,1
DA:4,1
DA:5,1
DA:6,13
DA:7,13
DA:8,13
DA:9,13
DA:10,13
DA:11,13
DA:12,1
DA:13,1
DA:14,1
DA:15,0
DA:16,1
DA:17,1
DA:18,1
LF:18
LH:17
BRDA:15,0,0,0
BRDA:5,1,0,13
BRF:2
BRH:1
end_of_record
