TN:
SF:src\common\AlertBanner.tsx
FN:1,Object.<anonymous>
FN:9,AlertBanner
FNF:2
FNH:2
FNDA:3,Object.<anonymous>
FNDA:2,AlertBanner
DA:1,3
DA:2,3
DA:3,3
DA:4,3
DA:5,3
DA:6,3
DA:7,3
DA:8,3
DA:9,3
DA:10,2
DA:11,2
DA:12,2
DA:13,2
DA:14,2
DA:15,2
DA:16,2
DA:17,2
DA:18,2
DA:19,2
DA:20,2
LF:20
LH:20
BRDA:1,0,0,3
BRDA:1,1,0,3
BRDA:9,2,0,2
BRF:3
BRH:3
end_of_record
TN:
SF:src\contexts\OrderDetailsContext.tsx
FN:33,OrderDetailsProvider
FN:45,calculateSubTotal
FN:70,updateItemCount
FN:91,useOrderDetailsContext
FNF:4
FNH:4
FNDA:48,OrderDetailsProvider
FNDA:48,calculateSubTotal
FNDA:16,updateItemCount
FNDA:127,useOrderDetailsContext
DA:1,1
DA:2,1
DA:3,1
DA:4,1
DA:5,1
DA:6,1
DA:7,1
DA:8,1
DA:9,1
DA:10,1
DA:11,1
DA:12,1
DA:13,1
DA:14,1
DA:15,1
DA:16,1
DA:17,1
DA:18,1
DA:19,1
DA:20,1
DA:21,1
DA:22,1
DA:23,1
DA:24,1
DA:25,1
DA:26,1
DA:27,1
DA:28,1
DA:29,1
DA:30,1
DA:31,1
DA:32,1
DA:33,48
DA:34,48
DA:35,48
DA:36,48
DA:37,48
DA:38,48
DA:39,48
DA:40,48
DA:41,48
DA:42,48
DA:43,48
DA:44,48
DA:45,48
DA:46,48
DA:47,48
DA:48,48
DA:49,48
DA:50,48
DA:51,48
DA:52,25
DA:53,25
DA:54,48
DA:55,48
DA:56,48
DA:57,48
DA:58,24
DA:59,24
DA:60,24
DA:61,24
DA:62,24
DA:63,24
DA:64,24
DA:65,24
DA:66,24
DA:67,48
DA:68,48
DA:69,48
DA:70,48
DA:71,16
DA:72,16
DA:73,16
DA:74,16
DA:75,16
DA:76,16
DA:77,16
DA:78,6
DA:79,16
DA:80,16
DA:81,16
DA:82,16
DA:83,16
DA:84,48
DA:85,48
DA:86,48
DA:87,48
DA:88,48
DA:89,48
DA:90,1
DA:91,127
DA:92,127
DA:93,127
DA:94,127
DA:95,0
DA:96,0
DA:97,0
DA:98,0
DA:99,127
DA:100,127
DA:101,1
DA:102,1
LF:102
LH:98
BRDA:33,0,0,48
BRDA:45,1,0,48
BRDA:51,2,0,25
BRDA:57,3,0,24
BRDA:69,4,0,48
BRDA:70,5,0,16
BRDA:78,6,0,6
BRDA:79,7,0,10
BRDA:91,8,0,127
BRDA:94,9,0,0
BRF:10
BRH:9
end_of_record
TN:
SF:src\mocks\handles.ts
FNF:0
FNH:0
DA:1,1
DA:2,1
DA:3,1
DA:4,1
DA:5,6
DA:6,6
DA:7,6
DA:8,6
DA:9,6
DA:10,6
DA:11,1
DA:12,1
DA:13,1
DA:14,5
DA:15,5
DA:16,5
DA:17,5
DA:18,5
DA:19,5
DA:20,5
DA:21,1
DA:22,1
LF:22
LH:22
BRDA:4,0,0,6
BRDA:13,1,0,5
BRF:2
BRH:2
end_of_record
TN:
SF:src\mocks\server.ts
FNF:0
FNH:0
DA:1,1
DA:2,1
DA:3,1
DA:4,1
LF:4
LH:4
BRF:0
BRH:0
end_of_record
TN:
SF:src\pages\entry\Options.tsx
FN:20,Options
FN:48,updateItemCount
FN:63,updateItemCount
FNF:3
FNH:3
FNDA:93,Options
FNDA:12,updateItemCount
FNDA:4,updateItemCount
DA:1,1
DA:2,1
DA:3,1
DA:4,1
DA:5,1
DA:6,1
DA:7,1
DA:8,1
DA:9,1
DA:10,1
DA:11,1
DA:12,1
DA:13,1
DA:14,1
DA:15,1
DA:16,1
DA:17,1
DA:18,1
DA:19,1
DA:20,1
DA:21,93
DA:22,93
DA:23,93
DA:24,93
DA:25,93
DA:26,93
DA:27,93
DA:28,13
DA:29,13
DA:30,13
DA:31,11
DA:32,11
DA:33,11
DA:34,13
DA:35,2
DA:36,13
DA:37,93
DA:38,93
DA:39,93
DA:40,2
DA:41,2
DA:42,91
DA:43,91
DA:44,158
DA:45,158
DA:46,91
DA:47,91
DA:48,91
DA:49,12
DA:50,91
DA:51,91
DA:52,91
DA:53,91
DA:54,91
DA:55,91
DA:56,91
DA:57,91
DA:58,91
DA:59,158
DA:60,158
DA:61,91
DA:62,91
DA:63,91
DA:64,4
DA:65,91
DA:66,91
DA:67,91
DA:68,91
DA:69,91
DA:70,91
DA:71,91
DA:72,91
DA:73,91
DA:74,91
DA:75,91
DA:76,93
DA:77,93
DA:78,93
DA:79,1
DA:80,1
DA:81,1
LF:81
LH:81
BRDA:20,0,0,93
BRDA:39,1,0,2
BRDA:42,2,0,91
BRDA:76,3,0,51
BRDA:76,4,0,40
BRDA:27,5,0,13
BRDA:30,6,0,11
BRDA:34,7,0,2
BRDA:43,8,0,158
BRDA:48,9,0,12
BRDA:58,10,0,158
BRDA:63,11,0,4
BRF:12
BRH:12
end_of_record
TN:
SF:src\pages\entry\OrderEntry.tsx
FN:5,OrderEntry
FNF:1
FNH:1
FNDA:34,OrderEntry
DA:1,1
DA:2,1
DA:3,1
DA:4,1
DA:5,1
DA:6,34
DA:7,34
DA:8,34
DA:9,34
DA:10,34
DA:11,34
DA:12,34
DA:13,34
DA:14,34
DA:15,34
DA:16,34
DA:17,1
DA:18,1
DA:19,1
LF:19
LH:19
BRDA:5,0,0,34
BRF:1
BRH:1
end_of_record
TN:
SF:src\pages\entry\ScoopOption.tsx
FN:9,ScoopOption
FN:14,handleOnChange
FN:37,onChange
FNF:3
FNH:3
FNDA:74,ScoopOption
FNDA:12,handleOnChange
FNDA:12,onChange
DA:1,1
DA:2,1
DA:3,1
DA:4,1
DA:5,1
DA:6,1
DA:7,1
DA:8,1
DA:9,1
DA:10,74
DA:11,74
DA:12,74
DA:13,74
DA:14,74
DA:15,12
DA:16,12
DA:17,74
DA:18,74
DA:19,74
DA:20,74
DA:21,74
DA:22,74
DA:23,74
DA:24,74
DA:25,74
DA:26,74
DA:27,74
DA:28,74
DA:29,74
DA:30,74
DA:31,74
DA:32,74
DA:33,74
DA:34,74
DA:35,74
DA:36,74
DA:37,74
DA:38,12
DA:39,12
DA:40,74
DA:41,74
DA:42,74
DA:43,74
DA:44,74
DA:45,1
DA:46,1
DA:47,1
LF:47
LH:47
BRDA:9,0,0,74
BRDA:14,1,0,12
BRDA:37,2,0,12
BRF:3
BRH:3
end_of_record
TN:
SF:src\pages\entry\ToppingOption.tsx
FN:9,ToppingOption
FN:14,handleOnChange
FN:29,onChange
FNF:3
FNH:3
FNDA:84,ToppingOption
FNDA:4,handleOnChange
FNDA:4,onChange
DA:1,1
DA:2,1
DA:3,1
DA:4,1
DA:5,1
DA:6,1
DA:7,1
DA:8,1
DA:9,1
DA:10,84
DA:11,84
DA:12,84
DA:13,84
DA:14,84
DA:15,4
DA:16,4
DA:17,4
DA:18,84
DA:19,84
DA:20,84
DA:21,84
DA:22,84
DA:23,84
DA:24,84
DA:25,84
DA:26,84
DA:27,84
DA:28,84
DA:29,84
DA:30,4
DA:31,4
DA:32,84
DA:33,84
DA:34,84
DA:35,84
DA:36,84
DA:37,1
DA:38,1
DA:39,1
LF:39
LH:39
BRDA:9,0,0,84
BRDA:14,1,0,4
BRDA:15,2,0,3
BRDA:15,3,0,1
BRDA:29,4,0,4
BRF:5
BRH:5
end_of_record
TN:
SF:src\pages\summary\SummaryForm.tsx
FN:1,Object.<anonymous>
FN:8,SummaryForm
FNF:2
FNH:2
FNDA:1,Object.<anonymous>
FNDA:8,SummaryForm
DA:1,1
DA:2,1
DA:3,1
DA:4,1
DA:5,1
DA:6,1
DA:7,1
DA:8,1
DA:9,8
DA:10,8
DA:11,8
DA:12,8
DA:13,8
DA:14,8
DA:15,8
DA:16,8
DA:17,8
DA:18,8
DA:19,8
DA:20,8
DA:21,8
DA:22,8
DA:23,8
DA:24,8
DA:25,8
DA:26,8
DA:27,8
DA:28,8
DA:29,8
DA:30,8
DA:31,8
DA:32,8
DA:33,8
DA:34,8
DA:35,8
DA:36,8
DA:37,8
DA:38,8
DA:39,8
DA:40,8
DA:41,8
DA:42,8
DA:43,8
DA:44,8
DA:45,8
LF:45
LH:45
BRDA:1,0,0,1
BRDA:1,1,0,1
BRDA:8,2,0,8
BRF:3
BRH:3
end_of_record
TN:
SF:src\utils\constants.ts
FNF:0
FNH:0
DA:1,1
DA:2,1
DA:3,1
DA:4,1
DA:5,1
DA:6,1
DA:7,1
DA:8,1
LF:8
LH:8
BRF:0
BRH:0
end_of_record
TN:
SF:src\utils\functions.ts
FN:1,formatCurrency
FNF:1
FNH:1
FNDA:216,formatCurrency
DA:1,216
DA:2,216
DA:3,216
DA:4,216
DA:5,216
DA:6,216
DA:7,216
DA:8,1
DA:9,1
LF:9
LH:9
BRDA:1,0,0,216
BRF:1
BRH:1
end_of_record
TN:
SF:src\utils\testing-library-utils.tsx
FN:5,renderWithContext
FNF:1
FNH:1
FNDA:8,renderWithContext
DA:1,1
DA:2,1
DA:3,1
DA:4,1
DA:5,1
DA:6,8
DA:7,8
DA:8,8
DA:9,8
DA:10,8
DA:11,8
DA:12,1
DA:13,1
DA:14,1
DA:15,0
DA:16,1
DA:17,1
DA:18,1
LF:18
LH:17
BRDA:15,0,0,0
BRDA:5,1,0,8
BRF:2
BRH:1
end_of_record
