{"C:\\Users\\TI\\Documents\\Meus\\Estudos\\1_PROJETOS\\react_testing_library_jest_course\\react_testing_library_jest\\src\\App.tsx": {"path":"C:\\Users\\TI\\Documents\\Meus\\Estudos\\1_PROJETOS\\react_testing_library_jest_course\\react_testing_library_jest\\src\\App.tsx","all":false,"statementMap":{"0":{"start":{"line":1,"column":0},"end":{"line":1,"column":33}},"1":{"start":{"line":2,"column":0},"end":{"line":2,"column":0}},"2":{"start":{"line":3,"column":0},"end":{"line":3,"column":62}},"3":{"start":{"line":4,"column":0},"end":{"line":4,"column":50}},"4":{"start":{"line":5,"column":0},"end":{"line":5,"column":2}},"5":{"start":{"line":6,"column":0},"end":{"line":6,"column":0}},"6":{"start":{"line":7,"column":0},"end":{"line":7,"column":16}},"7":{"start":{"line":8,"column":0},"end":{"line":8,"column":76}},"8":{"start":{"line":9,"column":0},"end":{"line":9,"column":79}},"9":{"start":{"line":10,"column":0},"end":{"line":10,"column":26}},"10":{"start":{"line":11,"column":0},"end":{"line":11,"column":75}},"11":{"start":{"line":12,"column":0},"end":{"line":12,"column":64}},"12":{"start":{"line":13,"column":0},"end":{"line":13,"column":0}},"13":{"start":{"line":14,"column":0},"end":{"line":14,"column":10}},"14":{"start":{"line":15,"column":0},"end":{"line":15,"column":8}},"15":{"start":{"line":16,"column":0},"end":{"line":16,"column":14}},"16":{"start":{"line":17,"column":0},"end":{"line":17,"column":27}},"17":{"start":{"line":18,"column":0},"end":{"line":18,"column":8}},"18":{"start":{"line":19,"column":0},"end":{"line":19,"column":5}},"19":{"start":{"line":20,"column":0},"end":{"line":20,"column":13}},"20":{"start":{"line":21,"column":0},"end":{"line":21,"column":61}},"21":{"start":{"line":22,"column":0},"end":{"line":22,"column":58}},"22":{"start":{"line":23,"column":0},"end":{"line":23,"column":37}},"23":{"start":{"line":24,"column":0},"end":{"line":24,"column":7}},"24":{"start":{"line":25,"column":0},"end":{"line":25,"column":62}},"25":{"start":{"line":26,"column":0},"end":{"line":26,"column":15}},"26":{"start":{"line":27,"column":0},"end":{"line":27,"column":12}},"27":{"start":{"line":28,"column":0},"end":{"line":28,"column":36}},"28":{"start":{"line":29,"column":0},"end":{"line":29,"column":35}},"29":{"start":{"line":30,"column":0},"end":{"line":30,"column":23}},"30":{"start":{"line":31,"column":0},"end":{"line":31,"column":41}},"31":{"start":{"line":32,"column":0},"end":{"line":32,"column":63}},"32":{"start":{"line":33,"column":0},"end":{"line":33,"column":50}},"33":{"start":{"line":34,"column":0},"end":{"line":34,"column":10}},"34":{"start":{"line":35,"column":0},"end":{"line":35,"column":8}},"35":{"start":{"line":36,"column":0},"end":{"line":36,"column":69}},"36":{"start":{"line":37,"column":0},"end":{"line":37,"column":10}},"37":{"start":{"line":38,"column":0},"end":{"line":38,"column":4}},"38":{"start":{"line":39,"column":0},"end":{"line":39,"column":1}},"39":{"start":{"line":40,"column":0},"end":{"line":40,"column":0}},"40":{"start":{"line":41,"column":0},"end":{"line":41,"column":19}}},"s":{"0":1,"1":1,"2":1,"3":18,"4":1,"5":1,"6":15,"7":15,"8":15,"9":15,"10":15,"11":15,"12":15,"13":15,"14":15,"15":15,"16":15,"17":15,"18":15,"19":15,"20":15,"21":15,"22":15,"23":15,"24":15,"25":15,"26":15,"27":15,"28":15,"29":15,"30":15,"31":15,"32":7,"33":7,"34":15,"35":15,"36":15,"37":15,"38":15,"39":1,"40":1},"branchMap":{"0":{"type":"branch","line":3,"loc":{"start":{"line":3,"column":38},"end":{"line":5,"column":1}},"locations":[{"start":{"line":3,"column":38},"end":{"line":5,"column":1}}]},"1":{"type":"branch","line":7,"loc":{"start":{"line":7,"column":0},"end":{"line":39,"column":1}},"locations":[{"start":{"line":7,"column":0},"end":{"line":39,"column":1}}]},"2":{"type":"branch","line":11,"loc":{"start":{"line":11,"column":37},"end":{"line":11,"column":54}},"locations":[{"start":{"line":11,"column":37},"end":{"line":11,"column":54}}]},"3":{"type":"branch","line":11,"loc":{"start":{"line":11,"column":54},"end":{"line":11,"column":74}},"locations":[{"start":{"line":11,"column":54},"end":{"line":11,"column":74}}]},"4":{"type":"branch","line":12,"loc":{"start":{"line":12,"column":40},"end":{"line":12,"column":49}},"locations":[{"start":{"line":12,"column":40},"end":{"line":12,"column":49}}]},"5":{"type":"branch","line":12,"loc":{"start":{"line":12,"column":49},"end":{"line":12,"column":63}},"locations":[{"start":{"line":12,"column":49},"end":{"line":12,"column":63}}]},"6":{"type":"branch","line":22,"loc":{"start":{"line":22,"column":17},"end":{"line":22,"column":57}},"locations":[{"start":{"line":22,"column":17},"end":{"line":22,"column":57}}]},"7":{"type":"branch","line":32,"loc":{"start":{"line":32,"column":18},"end":{"line":34,"column":10}},"locations":[{"start":{"line":32,"column":18},"end":{"line":34,"column":10}}]}},"b":{"0":[18],"1":[15],"2":[11],"3":[4],"4":[4],"5":[11],"6":[2],"7":[7]},"fnMap":{"0":{"name":"replaceCamelWithSpaces","decl":{"start":{"line":3,"column":38},"end":{"line":5,"column":1}},"loc":{"start":{"line":3,"column":38},"end":{"line":5,"column":1}},"line":3},"1":{"name":"App","decl":{"start":{"line":7,"column":0},"end":{"line":39,"column":1}},"loc":{"start":{"line":7,"column":0},"end":{"line":39,"column":1}},"line":7},"2":{"name":"onClick","decl":{"start":{"line":22,"column":17},"end":{"line":22,"column":57}},"loc":{"start":{"line":22,"column":17},"end":{"line":22,"column":57}},"line":22},"3":{"name":"onChange","decl":{"start":{"line":32,"column":18},"end":{"line":34,"column":10}},"loc":{"start":{"line":32,"column":18},"end":{"line":34,"column":10}},"line":32}},"f":{"0":18,"1":15,"2":2,"3":7}}
}
