TN:
SF:src\App.tsx
FN:3,replaceCamelWithSpaces
FN:7,App
FN:22,onClick
FN:32,onChange
FNF:4
FNH:4
FNDA:18,replaceCamelWithSpaces
FNDA:15,App
FNDA:2,onClick
FNDA:7,onChange
DA:1,1
DA:2,1
DA:3,1
DA:4,18
DA:5,1
DA:6,1
DA:7,15
DA:8,15
DA:9,15
DA:10,15
DA:11,15
DA:12,15
DA:13,15
DA:14,15
DA:15,15
DA:16,15
DA:17,15
DA:18,15
DA:19,15
DA:20,15
DA:21,15
DA:22,15
DA:23,15
DA:24,15
DA:25,15
DA:26,15
DA:27,15
DA:28,15
DA:29,15
DA:30,15
DA:31,15
DA:32,15
DA:33,7
DA:34,7
DA:35,15
DA:36,15
DA:37,15
DA:38,15
DA:39,15
DA:40,1
DA:41,1
LF:41
LH:41
BRDA:3,0,0,18
BRDA:7,1,0,15
BRDA:11,2,0,11
BRDA:11,3,0,4
BRDA:12,4,0,4
BRDA:12,5,0,11
BRDA:22,6,0,2
BRDA:32,7,0,7
BRF:8
BRH:8
end_of_record
